<?xml version="1.0" encoding="UTF-8"?>
<!-- Generated by org.testng.reporters.JUnitXMLReporter -->
<testsuite hostname="sks-PC" ignored="0" name="Default test" tests="10" failures="0" timestamp="2020-11-02T11:59:10 IST" time="29.73" errors="0">
  <testcase name="ValidateCreate" time="0.095" classname="Com.ibm.Gold.Script.TestScript"/>
  <testcase name="ValidateCreatenew" time="0.036" classname="Com.ibm.Gold.Script.TestScript"/>
  <testcase name="ValidateDay" time="1.908" classname="Com.ibm.Gold.Script.TestScript"/>
  <testcase name="ValidateLastname" time="0.368" classname="Com.ibm.Gold.Script.TestScript"/>
  <testcase name="ValidateMonth" time="0.158" classname="Com.ibm.Gold.Script.TestScript"/>
  <testcase name="ValidateName" time="3.278" classname="Com.ibm.Gold.Script.TestScript"/>
  <testcase name="ValidateRadio" time="0.051" classname="Com.ibm.Gold.Script.TestScript"/>
  <testcase name="ValidateTitle" time="0.018" classname="Com.ibm.Gold.Script.TestScript"/>
  <testcase name="ValidateUrl" time="0.012" classname="Com.ibm.Gold.Script.TestScript"/>
  <testcase name="ValidateYear" time="0.337" classname="Com.ibm.Gold.Script.TestScript"/>
</testsuite> <!-- Default test -->
