<?xml version="1.0" encoding="UTF-8"?>
<!-- Generated by org.testng.reporters.JUnitXMLReporter -->
<testsuite hostname="sks-PC" ignored="0" name="Test" tests="10" failures="0" timestamp="2020-11-02T12:02:25 IST" time="29.655" errors="0">
  <testcase name="ValidateCreate" time="0.105" classname="Com.ibm.Gold.Script.TestScript"/>
  <testcase name="ValidateCreatenew" time="0.048" classname="Com.ibm.Gold.Script.TestScript"/>
  <testcase name="ValidateDay" time="2.641" classname="Com.ibm.Gold.Script.TestScript"/>
  <testcase name="ValidateLastname" time="0.155" classname="Com.ibm.Gold.Script.TestScript"/>
  <testcase name="ValidateMonth" time="0.162" classname="Com.ibm.Gold.Script.TestScript"/>
  <testcase name="ValidateName" time="0.137" classname="Com.ibm.Gold.Script.TestScript"/>
  <testcase name="ValidateRadio" time="2.678" classname="Com.ibm.Gold.Script.TestScript"/>
  <testcase name="ValidateTitle" time="0.036" classname="Com.ibm.Gold.Script.TestScript"/>
  <testcase name="ValidateUrl" time="0.012" classname="Com.ibm.Gold.Script.TestScript"/>
  <testcase name="ValidateYear" time="0.186" classname="Com.ibm.Gold.Script.TestScript"/>
</testsuite> <!-- Test -->
