<?xml version="1.0" encoding="UTF-8"?>
<testsuite xmlns:xsi="http://www.w3.org/2001/XMLSchema-instance" xsi:noNamespaceSchemaLocation="https://maven.apache.org/surefire/maven-surefire-plugin/xsd/surefire-test-report-3.0.xsd" version="3.0" name="TestSuite" time="32.502" tests="12" errors="0" skipped="11" failures="1">
  <properties>
    <property name="sun.desktop" value="windows"/>
    <property name="awt.toolkit" value="sun.awt.windows.WToolkit"/>
    <property name="file.encoding.pkg" value="sun.io"/>
    <property name="java.specification.version" value="1.8"/>
    <property name="webdriver.chrome.driver" value="C:\Users\sks\Downloads\chromedriver_win32 (3)\chromedriver.exe"/>
    <property name="sun.cpu.isalist" value="amd64"/>
    <property name="sun.jnu.encoding" value="Cp1252"/>
    <property name="java.class.path" value="D:\Java workspace\Com.ibm.Gold\target\test-classes;D:\Java workspace\Com.ibm.Gold\target\classes;C:\Users\sks\.m2\repository\org\seleniumhq\selenium\selenium-java\3.141.59\selenium-java-3.141.59.jar;C:\Users\sks\.m2\repository\org\seleniumhq\selenium\selenium-api\3.141.59\selenium-api-3.141.59.jar;C:\Users\sks\.m2\repository\org\seleniumhq\selenium\selenium-chrome-driver\3.141.59\selenium-chrome-driver-3.141.59.jar;C:\Users\sks\.m2\repository\org\seleniumhq\selenium\selenium-edge-driver\3.141.59\selenium-edge-driver-3.141.59.jar;C:\Users\sks\.m2\repository\org\seleniumhq\selenium\selenium-firefox-driver\3.141.59\selenium-firefox-driver-3.141.59.jar;C:\Users\sks\.m2\repository\org\seleniumhq\selenium\selenium-ie-driver\3.141.59\selenium-ie-driver-3.141.59.jar;C:\Users\sks\.m2\repository\org\seleniumhq\selenium\selenium-opera-driver\3.141.59\selenium-opera-driver-3.141.59.jar;C:\Users\sks\.m2\repository\org\seleniumhq\selenium\selenium-remote-driver\3.141.59\selenium-remote-driver-3.141.59.jar;C:\Users\sks\.m2\repository\org\seleniumhq\selenium\selenium-safari-driver\3.141.59\selenium-safari-driver-3.141.59.jar;C:\Users\sks\.m2\repository\org\seleniumhq\selenium\selenium-support\3.141.59\selenium-support-3.141.59.jar;C:\Users\sks\.m2\repository\net\bytebuddy\byte-buddy\1.8.15\byte-buddy-1.8.15.jar;C:\Users\sks\.m2\repository\org\apache\commons\commons-exec\1.3\commons-exec-1.3.jar;C:\Users\sks\.m2\repository\com\google\guava\guava\25.0-jre\guava-25.0-jre.jar;C:\Users\sks\.m2\repository\com\google\code\findbugs\jsr305\1.3.9\jsr305-1.3.9.jar;C:\Users\sks\.m2\repository\org\checkerframework\checker-compat-qual\2.0.0\checker-compat-qual-2.0.0.jar;C:\Users\sks\.m2\repository\com\google\errorprone\error_prone_annotations\2.1.3\error_prone_annotations-2.1.3.jar;C:\Users\sks\.m2\repository\com\google\j2objc\j2objc-annotations\1.1\j2objc-annotations-1.1.jar;C:\Users\sks\.m2\repository\org\codehaus\mojo\animal-sniffer-annotations\1.14\animal-sniffer-annotations-1.14.jar;C:\Users\sks\.m2\repository\com\squareup\okhttp3\okhttp\3.11.0\okhttp-3.11.0.jar;C:\Users\sks\.m2\repository\com\squareup\okio\okio\1.14.0\okio-1.14.0.jar;C:\Users\sks\.m2\repository\org\testng\testng\7.3.0\testng-7.3.0.jar;C:\Users\sks\.m2\repository\com\beust\jcommander\1.78\jcommander-1.78.jar;C:\Users\sks\.m2\repository\org\apache\ant\ant\1.10.3\ant-1.10.3.jar;C:\Users\sks\.m2\repository\org\apache\ant\ant-launcher\1.10.3\ant-launcher-1.10.3.jar;C:\Users\sks\.m2\repository\junit\junit\4.12\junit-4.12.jar;C:\Users\sks\.m2\repository\org\hamcrest\hamcrest-core\1.3\hamcrest-core-1.3.jar;C:\Users\sks\.m2\repository\com\google\inject\guice\4.2.2\guice-4.2.2-no_aop.jar;C:\Users\sks\.m2\repository\javax\inject\javax.inject\1\javax.inject-1.jar;C:\Users\sks\.m2\repository\aopalliance\aopalliance\1.0\aopalliance-1.0.jar;C:\Users\sks\.m2\repository\org\yaml\snakeyaml\1.21\snakeyaml-1.21.jar;C:\Users\sks\.m2\repository\org\apache\poi\poi\4.1.2\poi-4.1.2.jar;C:\Users\sks\.m2\repository\commons-codec\commons-codec\1.13\commons-codec-1.13.jar;C:\Users\sks\.m2\repository\org\apache\commons\commons-collections4\4.4\commons-collections4-4.4.jar;C:\Users\sks\.m2\repository\org\apache\commons\commons-math3\3.6.1\commons-math3-3.6.1.jar;C:\Users\sks\.m2\repository\com\zaxxer\SparseBitSet\1.2\SparseBitSet-1.2.jar;C:\Users\sks\.m2\repository\org\apache\poi\poi-ooxml\4.1.2\poi-ooxml-4.1.2.jar;C:\Users\sks\.m2\repository\org\apache\poi\poi-ooxml-schemas\4.1.2\poi-ooxml-schemas-4.1.2.jar;C:\Users\sks\.m2\repository\org\apache\xmlbeans\xmlbeans\3.1.0\xmlbeans-3.1.0.jar;C:\Users\sks\.m2\repository\org\apache\commons\commons-compress\1.19\commons-compress-1.19.jar;C:\Users\sks\.m2\repository\com\github\virtuald\curvesapi\1.06\curvesapi-1.06.jar;"/>
    <property name="java.vm.vendor" value="Oracle Corporation"/>
    <property name="sun.arch.data.model" value="64"/>
    <property name="user.variant" value=""/>
    <property name="java.vendor.url" value="http://java.oracle.com/"/>
    <property name="user.timezone" value="Asia/Calcutta"/>
    <property name="java.vm.specification.version" value="1.8"/>
    <property name="os.name" value="Windows 7"/>
    <property name="user.country" value="US"/>
    <property name="sun.java.launcher" value="SUN_STANDARD"/>
    <property name="sun.boot.library.path" value="C:\Program Files\Java\jdk1.8.0_261\jre\bin"/>
    <property name="sun.java.command" value="C:\Users\sks\AppData\Local\Temp\surefire3429652883126187872\surefirebooter7083177602233591993.jar C:\Users\sks\AppData\Local\Temp\surefire3429652883126187872 2020-11-02T13-49-30_702-jvmRun1 surefire2467822850003491491tmp surefire_07522100242662645426tmp"/>
    <property name="surefire.test.class.path" value="D:\Java workspace\Com.ibm.Gold\target\test-classes;D:\Java workspace\Com.ibm.Gold\target\classes;C:\Users\sks\.m2\repository\org\seleniumhq\selenium\selenium-java\3.141.59\selenium-java-3.141.59.jar;C:\Users\sks\.m2\repository\org\seleniumhq\selenium\selenium-api\3.141.59\selenium-api-3.141.59.jar;C:\Users\sks\.m2\repository\org\seleniumhq\selenium\selenium-chrome-driver\3.141.59\selenium-chrome-driver-3.141.59.jar;C:\Users\sks\.m2\repository\org\seleniumhq\selenium\selenium-edge-driver\3.141.59\selenium-edge-driver-3.141.59.jar;C:\Users\sks\.m2\repository\org\seleniumhq\selenium\selenium-firefox-driver\3.141.59\selenium-firefox-driver-3.141.59.jar;C:\Users\sks\.m2\repository\org\seleniumhq\selenium\selenium-ie-driver\3.141.59\selenium-ie-driver-3.141.59.jar;C:\Users\sks\.m2\repository\org\seleniumhq\selenium\selenium-opera-driver\3.141.59\selenium-opera-driver-3.141.59.jar;C:\Users\sks\.m2\repository\org\seleniumhq\selenium\selenium-remote-driver\3.141.59\selenium-remote-driver-3.141.59.jar;C:\Users\sks\.m2\repository\org\seleniumhq\selenium\selenium-safari-driver\3.141.59\selenium-safari-driver-3.141.59.jar;C:\Users\sks\.m2\repository\org\seleniumhq\selenium\selenium-support\3.141.59\selenium-support-3.141.59.jar;C:\Users\sks\.m2\repository\net\bytebuddy\byte-buddy\1.8.15\byte-buddy-1.8.15.jar;C:\Users\sks\.m2\repository\org\apache\commons\commons-exec\1.3\commons-exec-1.3.jar;C:\Users\sks\.m2\repository\com\google\guava\guava\25.0-jre\guava-25.0-jre.jar;C:\Users\sks\.m2\repository\com\google\code\findbugs\jsr305\1.3.9\jsr305-1.3.9.jar;C:\Users\sks\.m2\repository\org\checkerframework\checker-compat-qual\2.0.0\checker-compat-qual-2.0.0.jar;C:\Users\sks\.m2\repository\com\google\errorprone\error_prone_annotations\2.1.3\error_prone_annotations-2.1.3.jar;C:\Users\sks\.m2\repository\com\google\j2objc\j2objc-annotations\1.1\j2objc-annotations-1.1.jar;C:\Users\sks\.m2\repository\org\codehaus\mojo\animal-sniffer-annotations\1.14\animal-sniffer-annotations-1.14.jar;C:\Users\sks\.m2\repository\com\squareup\okhttp3\okhttp\3.11.0\okhttp-3.11.0.jar;C:\Users\sks\.m2\repository\com\squareup\okio\okio\1.14.0\okio-1.14.0.jar;C:\Users\sks\.m2\repository\org\testng\testng\7.3.0\testng-7.3.0.jar;C:\Users\sks\.m2\repository\com\beust\jcommander\1.78\jcommander-1.78.jar;C:\Users\sks\.m2\repository\org\apache\ant\ant\1.10.3\ant-1.10.3.jar;C:\Users\sks\.m2\repository\org\apache\ant\ant-launcher\1.10.3\ant-launcher-1.10.3.jar;C:\Users\sks\.m2\repository\junit\junit\4.12\junit-4.12.jar;C:\Users\sks\.m2\repository\org\hamcrest\hamcrest-core\1.3\hamcrest-core-1.3.jar;C:\Users\sks\.m2\repository\com\google\inject\guice\4.2.2\guice-4.2.2-no_aop.jar;C:\Users\sks\.m2\repository\javax\inject\javax.inject\1\javax.inject-1.jar;C:\Users\sks\.m2\repository\aopalliance\aopalliance\1.0\aopalliance-1.0.jar;C:\Users\sks\.m2\repository\org\yaml\snakeyaml\1.21\snakeyaml-1.21.jar;C:\Users\sks\.m2\repository\org\apache\poi\poi\4.1.2\poi-4.1.2.jar;C:\Users\sks\.m2\repository\commons-codec\commons-codec\1.13\commons-codec-1.13.jar;C:\Users\sks\.m2\repository\org\apache\commons\commons-collections4\4.4\commons-collections4-4.4.jar;C:\Users\sks\.m2\repository\org\apache\commons\commons-math3\3.6.1\commons-math3-3.6.1.jar;C:\Users\sks\.m2\repository\com\zaxxer\SparseBitSet\1.2\SparseBitSet-1.2.jar;C:\Users\sks\.m2\repository\org\apache\poi\poi-ooxml\4.1.2\poi-ooxml-4.1.2.jar;C:\Users\sks\.m2\repository\org\apache\poi\poi-ooxml-schemas\4.1.2\poi-ooxml-schemas-4.1.2.jar;C:\Users\sks\.m2\repository\org\apache\xmlbeans\xmlbeans\3.1.0\xmlbeans-3.1.0.jar;C:\Users\sks\.m2\repository\org\apache\commons\commons-compress\1.19\commons-compress-1.19.jar;C:\Users\sks\.m2\repository\com\github\virtuald\curvesapi\1.06\curvesapi-1.06.jar;"/>
    <property name="sun.cpu.endian" value="little"/>
    <property name="user.home" value="C:\Users\sks"/>
    <property name="user.language" value="en"/>
    <property name="java.specification.vendor" value="Oracle Corporation"/>
    <property name="java.home" value="C:\Program Files\Java\jdk1.8.0_261\jre"/>
    <property name="basedir" value="D:\Java workspace\Com.ibm.Gold"/>
    <property name="file.separator" value="\"/>
    <property name="line.separator" value="&#10;"/>
    <property name="java.vm.specification.vendor" value="Oracle Corporation"/>
    <property name="java.specification.name" value="Java Platform API Specification"/>
    <property name="java.awt.graphicsenv" value="sun.awt.Win32GraphicsEnvironment"/>
    <property name="surefire.real.class.path" value="C:\Users\sks\AppData\Local\Temp\surefire3429652883126187872\surefirebooter7083177602233591993.jar"/>
    <property name="sun.boot.class.path" value="C:\Program Files\Java\jdk1.8.0_261\jre\lib\resources.jar;C:\Program Files\Java\jdk1.8.0_261\jre\lib\rt.jar;C:\Program Files\Java\jdk1.8.0_261\jre\lib\sunrsasign.jar;C:\Program Files\Java\jdk1.8.0_261\jre\lib\jsse.jar;C:\Program Files\Java\jdk1.8.0_261\jre\lib\jce.jar;C:\Program Files\Java\jdk1.8.0_261\jre\lib\charsets.jar;C:\Program Files\Java\jdk1.8.0_261\jre\lib\jfr.jar;C:\Program Files\Java\jdk1.8.0_261\jre\classes"/>
    <property name="user.script" value=""/>
    <property name="sun.management.compiler" value="HotSpot 64-Bit Tiered Compilers"/>
    <property name="java.runtime.version" value="1.8.0_261-b12"/>
    <property name="user.name" value="sks"/>
    <property name="path.separator" value=";"/>
    <property name="os.version" value="6.1"/>
    <property name="java.endorsed.dirs" value="C:\Program Files\Java\jdk1.8.0_261\jre\lib\endorsed"/>
    <property name="java.runtime.name" value="Java(TM) SE Runtime Environment"/>
    <property name="file.encoding" value="Cp1252"/>
    <property name="java.vm.name" value="Java HotSpot(TM) 64-Bit Server VM"/>
    <property name="localRepository" value="C:\Users\sks\.m2\repository"/>
    <property name="java.vendor.url.bug" value="http://bugreport.sun.com/bugreport/"/>
    <property name="java.io.tmpdir" value="C:\Users\sks\AppData\Local\Temp\"/>
    <property name="java.version" value="1.8.0_261"/>
    <property name="user.dir" value="D:\Java workspace\Com.ibm.Gold"/>
    <property name="os.arch" value="amd64"/>
    <property name="java.vm.specification.name" value="Java Virtual Machine Specification"/>
    <property name="java.awt.printerjob" value="sun.awt.windows.WPrinterJob"/>
    <property name="sun.os.patch.level" value="Service Pack 1"/>
    <property name="java.library.path" value="C:\Program Files\Java\jdk1.8.0_261\jre\bin;C:\Windows\Sun\Java\bin;C:\Windows\system32;C:\Windows;C:/Program Files/Java/jdk1.8.0_261/bin/../jre/bin/server;C:/Program Files/Java/jdk1.8.0_261/bin/../jre/bin;C:/Program Files/Java/jdk1.8.0_261/bin/../jre/lib/amd64;C:\apache-maven-3.6.3\bin;C:\apache-maven-3.6.3;C:\apache-maven-3.6.3\binC:\Program Files\Java\jdk1.8.0_261\lib;C:\Program Files\Git\bin;C:\Program Files\JetBrains\PyCharm Community Edition 2020.1.2\bin;;C:\Users\sks\AppData\Local\Programs\Microsoft VS Code\bin;C:\Program Files\Java\jdk1.8.0_261\bin;C:\Users\sks\AppData\Roaming\npm;C:\Users\sks\Desktop;;."/>
    <property name="java.vm.info" value="mixed mode"/>
    <property name="java.vendor" value="Oracle Corporation"/>
    <property name="java.vm.version" value="25.261-b12"/>
    <property name="java.ext.dirs" value="C:\Program Files\Java\jdk1.8.0_261\jre\lib\ext;C:\Windows\Sun\Java\lib\ext"/>
    <property name="sun.io.unicode.encoding" value="UnicodeLittle"/>
    <property name="java.class.version" value="52.0"/>
  </properties>
  <testcase name="Setup" classname="Com.ibm.Gold.Script.TestScript" time="32.047">
    <failure message="unknown error: Chrome failed to start: exited normally.&#10;  (chrome not reachable)&#10;  (The process started from chrome location C:\Program Files (x86)\Google\Chrome\Application\chrome.exe is no longer running, so ChromeDriver is assuming that Chrome has crashed.)&#10;Build info: version: &apos;3.141.59&apos;, revision: &apos;e82be7d358&apos;, time: &apos;2018-11-14T08:17:03&apos;&#10;System info: host: &apos;SKS-PC&apos;, ip: &apos;192.168.1.4&apos;, os.name: &apos;Windows 7&apos;, os.arch: &apos;amd64&apos;, os.version: &apos;6.1&apos;, java.version: &apos;1.8.0_261&apos;&#10;Driver info: driver.version: ChromeDriver&#10;remote stacktrace: Backtrace:&#10;	Ordinal0 [0x010DD383+3134339]&#10;	Ordinal0 [0x00FCA171+2007409]&#10;	Ordinal0 [0x00E6AEE8+569064]&#10;	Ordinal0 [0x00DED721+55073]&#10;	Ordinal0 [0x00E10DFC+200188]&#10;	Ordinal0 [0x00E10C1D+199709]&#10;	Ordinal0 [0x00E0EB0B+191243]&#10;	Ordinal0 [0x00DF2E77+77431]&#10;	Ordinal0 [0x00DF3E3E+81470]&#10;	Ordinal0 [0x00DF3DC9+81353]&#10;	Ordinal0 [0x00FE0CD9+2100441]&#10;	GetHandleVerifier [0x0124B75A+1396954]&#10;	GetHandleVerifier [0x0124B3D9+1396057]&#10;	GetHandleVerifier [0x01257126+1444518]&#10;	GetHandleVerifier [0x0124BCE8+1398376]&#10;	Ordinal0 [0x00FD7F51+2064209]&#10;	Ordinal0 [0x00FE22EB+2106091]&#10;	Ordinal0 [0x00FE2411+2106385]&#10;	Ordinal0 [0x00FF49C4+2181572]&#10;	BaseThreadInitThunk [0x7704339A+18]&#10;	RtlInitializeExceptionChain [0x77CF9ED2+99]&#10;	RtlInitializeExceptionChain [0x77CF9EA5+54]&#10;" type="org.openqa.selenium.WebDriverException"><![CDATA[org.openqa.selenium.WebDriverException: 
unknown error: Chrome failed to start: exited normally.
  (chrome not reachable)
  (The process started from chrome location C:\Program Files (x86)\Google\Chrome\Application\chrome.exe is no longer running, so ChromeDriver is assuming that Chrome has crashed.)
Build info: version: '3.141.59', revision: 'e82be7d358', time: '2018-11-14T08:17:03'
System info: host: 'SKS-PC', ip: '192.168.1.4', os.name: 'Windows 7', os.arch: 'amd64', os.version: '6.1', java.version: '1.8.0_261'
Driver info: driver.version: ChromeDriver
remote stacktrace: Backtrace:
	Ordinal0 [0x010DD383+3134339]
	Ordinal0 [0x00FCA171+2007409]
	Ordinal0 [0x00E6AEE8+569064]
	Ordinal0 [0x00DED721+55073]
	Ordinal0 [0x00E10DFC+200188]
	Ordinal0 [0x00E10C1D+199709]
	Ordinal0 [0x00E0EB0B+191243]
	Ordinal0 [0x00DF2E77+77431]
	Ordinal0 [0x00DF3E3E+81470]
	Ordinal0 [0x00DF3DC9+81353]
	Ordinal0 [0x00FE0CD9+2100441]
	GetHandleVerifier [0x0124B75A+1396954]
	GetHandleVerifier [0x0124B3D9+1396057]
	GetHandleVerifier [0x01257126+1444518]
	GetHandleVerifier [0x0124BCE8+1398376]
	Ordinal0 [0x00FD7F51+2064209]
	Ordinal0 [0x00FE22EB+2106091]
	Ordinal0 [0x00FE2411+2106385]
	Ordinal0 [0x00FF49C4+2181572]
	BaseThreadInitThunk [0x7704339A+18]
	RtlInitializeExceptionChain [0x77CF9ED2+99]
	RtlInitializeExceptionChain [0x77CF9EA5+54]

	at Com.ibm.Gold.Script.TestScript.Setup(TestScript.java:30)
]]></failure>
    <system-err><![CDATA[Starting ChromeDriver 85.0.4183.87 (cd6713ebf92fa1cacc0f1a598df280093af0c5d7-refs/branch-heads/4183@{#1689}) on port 43232
Only local connections are allowed.
Please see https://chromedriver.chromium.org/security-considerations for suggestions on keeping ChromeDriver safe.
ChromeDriver was started successfully.
]]></system-err>
  </testcase>
  <testcase name="ValidateCreate" classname="Com.ibm.Gold.Script.TestScript" time="0">
    <skipped message="unknown error: Chrome failed to start: exited normally.&#10;  (chrome not reachable)&#10;  (The process started from chrome location C:\Program Files (x86)\Google\Chrome\Application\chrome.exe is no longer running, so ChromeDriver is assuming that Chrome has crashed.)&#10;Build info: version: &apos;3.141.59&apos;, revision: &apos;e82be7d358&apos;, time: &apos;2018-11-14T08:17:03&apos;&#10;System info: host: &apos;SKS-PC&apos;, ip: &apos;192.168.1.4&apos;, os.name: &apos;Windows 7&apos;, os.arch: &apos;amd64&apos;, os.version: &apos;6.1&apos;, java.version: &apos;1.8.0_261&apos;&#10;Driver info: driver.version: ChromeDriver&#10;remote stacktrace: Backtrace:&#10;	Ordinal0 [0x010DD383+3134339]&#10;	Ordinal0 [0x00FCA171+2007409]&#10;	Ordinal0 [0x00E6AEE8+569064]&#10;	Ordinal0 [0x00DED721+55073]&#10;	Ordinal0 [0x00E10DFC+200188]&#10;	Ordinal0 [0x00E10C1D+199709]&#10;	Ordinal0 [0x00E0EB0B+191243]&#10;	Ordinal0 [0x00DF2E77+77431]&#10;	Ordinal0 [0x00DF3E3E+81470]&#10;	Ordinal0 [0x00DF3DC9+81353]&#10;	Ordinal0 [0x00FE0CD9+2100441]&#10;	GetHandleVerifier [0x0124B75A+1396954]&#10;	GetHandleVerifier [0x0124B3D9+1396057]&#10;	GetHandleVerifier [0x01257126+1444518]&#10;	GetHandleVerifier [0x0124BCE8+1398376]&#10;	Ordinal0 [0x00FD7F51+2064209]&#10;	Ordinal0 [0x00FE22EB+2106091]&#10;	Ordinal0 [0x00FE2411+2106385]&#10;	Ordinal0 [0x00FF49C4+2181572]&#10;	BaseThreadInitThunk [0x7704339A+18]&#10;	RtlInitializeExceptionChain [0x77CF9ED2+99]&#10;	RtlInitializeExceptionChain [0x77CF9EA5+54]&#10;"/>
  </testcase>
  <testcase name="ValidateCreatenew" classname="Com.ibm.Gold.Script.TestScript" time="0">
    <skipped message="unknown error: Chrome failed to start: exited normally.&#10;  (chrome not reachable)&#10;  (The process started from chrome location C:\Program Files (x86)\Google\Chrome\Application\chrome.exe is no longer running, so ChromeDriver is assuming that Chrome has crashed.)&#10;Build info: version: &apos;3.141.59&apos;, revision: &apos;e82be7d358&apos;, time: &apos;2018-11-14T08:17:03&apos;&#10;System info: host: &apos;SKS-PC&apos;, ip: &apos;192.168.1.4&apos;, os.name: &apos;Windows 7&apos;, os.arch: &apos;amd64&apos;, os.version: &apos;6.1&apos;, java.version: &apos;1.8.0_261&apos;&#10;Driver info: driver.version: ChromeDriver&#10;remote stacktrace: Backtrace:&#10;	Ordinal0 [0x010DD383+3134339]&#10;	Ordinal0 [0x00FCA171+2007409]&#10;	Ordinal0 [0x00E6AEE8+569064]&#10;	Ordinal0 [0x00DED721+55073]&#10;	Ordinal0 [0x00E10DFC+200188]&#10;	Ordinal0 [0x00E10C1D+199709]&#10;	Ordinal0 [0x00E0EB0B+191243]&#10;	Ordinal0 [0x00DF2E77+77431]&#10;	Ordinal0 [0x00DF3E3E+81470]&#10;	Ordinal0 [0x00DF3DC9+81353]&#10;	Ordinal0 [0x00FE0CD9+2100441]&#10;	GetHandleVerifier [0x0124B75A+1396954]&#10;	GetHandleVerifier [0x0124B3D9+1396057]&#10;	GetHandleVerifier [0x01257126+1444518]&#10;	GetHandleVerifier [0x0124BCE8+1398376]&#10;	Ordinal0 [0x00FD7F51+2064209]&#10;	Ordinal0 [0x00FE22EB+2106091]&#10;	Ordinal0 [0x00FE2411+2106385]&#10;	Ordinal0 [0x00FF49C4+2181572]&#10;	BaseThreadInitThunk [0x7704339A+18]&#10;	RtlInitializeExceptionChain [0x77CF9ED2+99]&#10;	RtlInitializeExceptionChain [0x77CF9EA5+54]&#10;"/>
  </testcase>
  <testcase name="ValidateDay" classname="Com.ibm.Gold.Script.TestScript" time="0">
    <skipped message="unknown error: Chrome failed to start: exited normally.&#10;  (chrome not reachable)&#10;  (The process started from chrome location C:\Program Files (x86)\Google\Chrome\Application\chrome.exe is no longer running, so ChromeDriver is assuming that Chrome has crashed.)&#10;Build info: version: &apos;3.141.59&apos;, revision: &apos;e82be7d358&apos;, time: &apos;2018-11-14T08:17:03&apos;&#10;System info: host: &apos;SKS-PC&apos;, ip: &apos;192.168.1.4&apos;, os.name: &apos;Windows 7&apos;, os.arch: &apos;amd64&apos;, os.version: &apos;6.1&apos;, java.version: &apos;1.8.0_261&apos;&#10;Driver info: driver.version: ChromeDriver&#10;remote stacktrace: Backtrace:&#10;	Ordinal0 [0x010DD383+3134339]&#10;	Ordinal0 [0x00FCA171+2007409]&#10;	Ordinal0 [0x00E6AEE8+569064]&#10;	Ordinal0 [0x00DED721+55073]&#10;	Ordinal0 [0x00E10DFC+200188]&#10;	Ordinal0 [0x00E10C1D+199709]&#10;	Ordinal0 [0x00E0EB0B+191243]&#10;	Ordinal0 [0x00DF2E77+77431]&#10;	Ordinal0 [0x00DF3E3E+81470]&#10;	Ordinal0 [0x00DF3DC9+81353]&#10;	Ordinal0 [0x00FE0CD9+2100441]&#10;	GetHandleVerifier [0x0124B75A+1396954]&#10;	GetHandleVerifier [0x0124B3D9+1396057]&#10;	GetHandleVerifier [0x01257126+1444518]&#10;	GetHandleVerifier [0x0124BCE8+1398376]&#10;	Ordinal0 [0x00FD7F51+2064209]&#10;	Ordinal0 [0x00FE22EB+2106091]&#10;	Ordinal0 [0x00FE2411+2106385]&#10;	Ordinal0 [0x00FF49C4+2181572]&#10;	BaseThreadInitThunk [0x7704339A+18]&#10;	RtlInitializeExceptionChain [0x77CF9ED2+99]&#10;	RtlInitializeExceptionChain [0x77CF9EA5+54]&#10;"/>
  </testcase>
  <testcase name="ValidateLastname" classname="Com.ibm.Gold.Script.TestScript" time="0">
    <skipped message="unknown error: Chrome failed to start: exited normally.&#10;  (chrome not reachable)&#10;  (The process started from chrome location C:\Program Files (x86)\Google\Chrome\Application\chrome.exe is no longer running, so ChromeDriver is assuming that Chrome has crashed.)&#10;Build info: version: &apos;3.141.59&apos;, revision: &apos;e82be7d358&apos;, time: &apos;2018-11-14T08:17:03&apos;&#10;System info: host: &apos;SKS-PC&apos;, ip: &apos;192.168.1.4&apos;, os.name: &apos;Windows 7&apos;, os.arch: &apos;amd64&apos;, os.version: &apos;6.1&apos;, java.version: &apos;1.8.0_261&apos;&#10;Driver info: driver.version: ChromeDriver&#10;remote stacktrace: Backtrace:&#10;	Ordinal0 [0x010DD383+3134339]&#10;	Ordinal0 [0x00FCA171+2007409]&#10;	Ordinal0 [0x00E6AEE8+569064]&#10;	Ordinal0 [0x00DED721+55073]&#10;	Ordinal0 [0x00E10DFC+200188]&#10;	Ordinal0 [0x00E10C1D+199709]&#10;	Ordinal0 [0x00E0EB0B+191243]&#10;	Ordinal0 [0x00DF2E77+77431]&#10;	Ordinal0 [0x00DF3E3E+81470]&#10;	Ordinal0 [0x00DF3DC9+81353]&#10;	Ordinal0 [0x00FE0CD9+2100441]&#10;	GetHandleVerifier [0x0124B75A+1396954]&#10;	GetHandleVerifier [0x0124B3D9+1396057]&#10;	GetHandleVerifier [0x01257126+1444518]&#10;	GetHandleVerifier [0x0124BCE8+1398376]&#10;	Ordinal0 [0x00FD7F51+2064209]&#10;	Ordinal0 [0x00FE22EB+2106091]&#10;	Ordinal0 [0x00FE2411+2106385]&#10;	Ordinal0 [0x00FF49C4+2181572]&#10;	BaseThreadInitThunk [0x7704339A+18]&#10;	RtlInitializeExceptionChain [0x77CF9ED2+99]&#10;	RtlInitializeExceptionChain [0x77CF9EA5+54]&#10;"/>
  </testcase>
  <testcase name="ValidateMonth" classname="Com.ibm.Gold.Script.TestScript" time="0">
    <skipped message="unknown error: Chrome failed to start: exited normally.&#10;  (chrome not reachable)&#10;  (The process started from chrome location C:\Program Files (x86)\Google\Chrome\Application\chrome.exe is no longer running, so ChromeDriver is assuming that Chrome has crashed.)&#10;Build info: version: &apos;3.141.59&apos;, revision: &apos;e82be7d358&apos;, time: &apos;2018-11-14T08:17:03&apos;&#10;System info: host: &apos;SKS-PC&apos;, ip: &apos;192.168.1.4&apos;, os.name: &apos;Windows 7&apos;, os.arch: &apos;amd64&apos;, os.version: &apos;6.1&apos;, java.version: &apos;1.8.0_261&apos;&#10;Driver info: driver.version: ChromeDriver&#10;remote stacktrace: Backtrace:&#10;	Ordinal0 [0x010DD383+3134339]&#10;	Ordinal0 [0x00FCA171+2007409]&#10;	Ordinal0 [0x00E6AEE8+569064]&#10;	Ordinal0 [0x00DED721+55073]&#10;	Ordinal0 [0x00E10DFC+200188]&#10;	Ordinal0 [0x00E10C1D+199709]&#10;	Ordinal0 [0x00E0EB0B+191243]&#10;	Ordinal0 [0x00DF2E77+77431]&#10;	Ordinal0 [0x00DF3E3E+81470]&#10;	Ordinal0 [0x00DF3DC9+81353]&#10;	Ordinal0 [0x00FE0CD9+2100441]&#10;	GetHandleVerifier [0x0124B75A+1396954]&#10;	GetHandleVerifier [0x0124B3D9+1396057]&#10;	GetHandleVerifier [0x01257126+1444518]&#10;	GetHandleVerifier [0x0124BCE8+1398376]&#10;	Ordinal0 [0x00FD7F51+2064209]&#10;	Ordinal0 [0x00FE22EB+2106091]&#10;	Ordinal0 [0x00FE2411+2106385]&#10;	Ordinal0 [0x00FF49C4+2181572]&#10;	BaseThreadInitThunk [0x7704339A+18]&#10;	RtlInitializeExceptionChain [0x77CF9ED2+99]&#10;	RtlInitializeExceptionChain [0x77CF9EA5+54]&#10;"/>
  </testcase>
  <testcase name="ValidateName" classname="Com.ibm.Gold.Script.TestScript" time="0">
    <skipped message="unknown error: Chrome failed to start: exited normally.&#10;  (chrome not reachable)&#10;  (The process started from chrome location C:\Program Files (x86)\Google\Chrome\Application\chrome.exe is no longer running, so ChromeDriver is assuming that Chrome has crashed.)&#10;Build info: version: &apos;3.141.59&apos;, revision: &apos;e82be7d358&apos;, time: &apos;2018-11-14T08:17:03&apos;&#10;System info: host: &apos;SKS-PC&apos;, ip: &apos;192.168.1.4&apos;, os.name: &apos;Windows 7&apos;, os.arch: &apos;amd64&apos;, os.version: &apos;6.1&apos;, java.version: &apos;1.8.0_261&apos;&#10;Driver info: driver.version: ChromeDriver&#10;remote stacktrace: Backtrace:&#10;	Ordinal0 [0x010DD383+3134339]&#10;	Ordinal0 [0x00FCA171+2007409]&#10;	Ordinal0 [0x00E6AEE8+569064]&#10;	Ordinal0 [0x00DED721+55073]&#10;	Ordinal0 [0x00E10DFC+200188]&#10;	Ordinal0 [0x00E10C1D+199709]&#10;	Ordinal0 [0x00E0EB0B+191243]&#10;	Ordinal0 [0x00DF2E77+77431]&#10;	Ordinal0 [0x00DF3E3E+81470]&#10;	Ordinal0 [0x00DF3DC9+81353]&#10;	Ordinal0 [0x00FE0CD9+2100441]&#10;	GetHandleVerifier [0x0124B75A+1396954]&#10;	GetHandleVerifier [0x0124B3D9+1396057]&#10;	GetHandleVerifier [0x01257126+1444518]&#10;	GetHandleVerifier [0x0124BCE8+1398376]&#10;	Ordinal0 [0x00FD7F51+2064209]&#10;	Ordinal0 [0x00FE22EB+2106091]&#10;	Ordinal0 [0x00FE2411+2106385]&#10;	Ordinal0 [0x00FF49C4+2181572]&#10;	BaseThreadInitThunk [0x7704339A+18]&#10;	RtlInitializeExceptionChain [0x77CF9ED2+99]&#10;	RtlInitializeExceptionChain [0x77CF9EA5+54]&#10;"/>
  </testcase>
  <testcase name="ValidateRadio" classname="Com.ibm.Gold.Script.TestScript" time="0">
    <skipped message="unknown error: Chrome failed to start: exited normally.&#10;  (chrome not reachable)&#10;  (The process started from chrome location C:\Program Files (x86)\Google\Chrome\Application\chrome.exe is no longer running, so ChromeDriver is assuming that Chrome has crashed.)&#10;Build info: version: &apos;3.141.59&apos;, revision: &apos;e82be7d358&apos;, time: &apos;2018-11-14T08:17:03&apos;&#10;System info: host: &apos;SKS-PC&apos;, ip: &apos;192.168.1.4&apos;, os.name: &apos;Windows 7&apos;, os.arch: &apos;amd64&apos;, os.version: &apos;6.1&apos;, java.version: &apos;1.8.0_261&apos;&#10;Driver info: driver.version: ChromeDriver&#10;remote stacktrace: Backtrace:&#10;	Ordinal0 [0x010DD383+3134339]&#10;	Ordinal0 [0x00FCA171+2007409]&#10;	Ordinal0 [0x00E6AEE8+569064]&#10;	Ordinal0 [0x00DED721+55073]&#10;	Ordinal0 [0x00E10DFC+200188]&#10;	Ordinal0 [0x00E10C1D+199709]&#10;	Ordinal0 [0x00E0EB0B+191243]&#10;	Ordinal0 [0x00DF2E77+77431]&#10;	Ordinal0 [0x00DF3E3E+81470]&#10;	Ordinal0 [0x00DF3DC9+81353]&#10;	Ordinal0 [0x00FE0CD9+2100441]&#10;	GetHandleVerifier [0x0124B75A+1396954]&#10;	GetHandleVerifier [0x0124B3D9+1396057]&#10;	GetHandleVerifier [0x01257126+1444518]&#10;	GetHandleVerifier [0x0124BCE8+1398376]&#10;	Ordinal0 [0x00FD7F51+2064209]&#10;	Ordinal0 [0x00FE22EB+2106091]&#10;	Ordinal0 [0x00FE2411+2106385]&#10;	Ordinal0 [0x00FF49C4+2181572]&#10;	BaseThreadInitThunk [0x7704339A+18]&#10;	RtlInitializeExceptionChain [0x77CF9ED2+99]&#10;	RtlInitializeExceptionChain [0x77CF9EA5+54]&#10;"/>
  </testcase>
  <testcase name="ValidateTitle" classname="Com.ibm.Gold.Script.TestScript" time="0">
    <skipped message="unknown error: Chrome failed to start: exited normally.&#10;  (chrome not reachable)&#10;  (The process started from chrome location C:\Program Files (x86)\Google\Chrome\Application\chrome.exe is no longer running, so ChromeDriver is assuming that Chrome has crashed.)&#10;Build info: version: &apos;3.141.59&apos;, revision: &apos;e82be7d358&apos;, time: &apos;2018-11-14T08:17:03&apos;&#10;System info: host: &apos;SKS-PC&apos;, ip: &apos;192.168.1.4&apos;, os.name: &apos;Windows 7&apos;, os.arch: &apos;amd64&apos;, os.version: &apos;6.1&apos;, java.version: &apos;1.8.0_261&apos;&#10;Driver info: driver.version: ChromeDriver&#10;remote stacktrace: Backtrace:&#10;	Ordinal0 [0x010DD383+3134339]&#10;	Ordinal0 [0x00FCA171+2007409]&#10;	Ordinal0 [0x00E6AEE8+569064]&#10;	Ordinal0 [0x00DED721+55073]&#10;	Ordinal0 [0x00E10DFC+200188]&#10;	Ordinal0 [0x00E10C1D+199709]&#10;	Ordinal0 [0x00E0EB0B+191243]&#10;	Ordinal0 [0x00DF2E77+77431]&#10;	Ordinal0 [0x00DF3E3E+81470]&#10;	Ordinal0 [0x00DF3DC9+81353]&#10;	Ordinal0 [0x00FE0CD9+2100441]&#10;	GetHandleVerifier [0x0124B75A+1396954]&#10;	GetHandleVerifier [0x0124B3D9+1396057]&#10;	GetHandleVerifier [0x01257126+1444518]&#10;	GetHandleVerifier [0x0124BCE8+1398376]&#10;	Ordinal0 [0x00FD7F51+2064209]&#10;	Ordinal0 [0x00FE22EB+2106091]&#10;	Ordinal0 [0x00FE2411+2106385]&#10;	Ordinal0 [0x00FF49C4+2181572]&#10;	BaseThreadInitThunk [0x7704339A+18]&#10;	RtlInitializeExceptionChain [0x77CF9ED2+99]&#10;	RtlInitializeExceptionChain [0x77CF9EA5+54]&#10;"/>
  </testcase>
  <testcase name="ValidateUrl" classname="Com.ibm.Gold.Script.TestScript" time="0">
    <skipped message="unknown error: Chrome failed to start: exited normally.&#10;  (chrome not reachable)&#10;  (The process started from chrome location C:\Program Files (x86)\Google\Chrome\Application\chrome.exe is no longer running, so ChromeDriver is assuming that Chrome has crashed.)&#10;Build info: version: &apos;3.141.59&apos;, revision: &apos;e82be7d358&apos;, time: &apos;2018-11-14T08:17:03&apos;&#10;System info: host: &apos;SKS-PC&apos;, ip: &apos;192.168.1.4&apos;, os.name: &apos;Windows 7&apos;, os.arch: &apos;amd64&apos;, os.version: &apos;6.1&apos;, java.version: &apos;1.8.0_261&apos;&#10;Driver info: driver.version: ChromeDriver&#10;remote stacktrace: Backtrace:&#10;	Ordinal0 [0x010DD383+3134339]&#10;	Ordinal0 [0x00FCA171+2007409]&#10;	Ordinal0 [0x00E6AEE8+569064]&#10;	Ordinal0 [0x00DED721+55073]&#10;	Ordinal0 [0x00E10DFC+200188]&#10;	Ordinal0 [0x00E10C1D+199709]&#10;	Ordinal0 [0x00E0EB0B+191243]&#10;	Ordinal0 [0x00DF2E77+77431]&#10;	Ordinal0 [0x00DF3E3E+81470]&#10;	Ordinal0 [0x00DF3DC9+81353]&#10;	Ordinal0 [0x00FE0CD9+2100441]&#10;	GetHandleVerifier [0x0124B75A+1396954]&#10;	GetHandleVerifier [0x0124B3D9+1396057]&#10;	GetHandleVerifier [0x01257126+1444518]&#10;	GetHandleVerifier [0x0124BCE8+1398376]&#10;	Ordinal0 [0x00FD7F51+2064209]&#10;	Ordinal0 [0x00FE22EB+2106091]&#10;	Ordinal0 [0x00FE2411+2106385]&#10;	Ordinal0 [0x00FF49C4+2181572]&#10;	BaseThreadInitThunk [0x7704339A+18]&#10;	RtlInitializeExceptionChain [0x77CF9ED2+99]&#10;	RtlInitializeExceptionChain [0x77CF9EA5+54]&#10;"/>
  </testcase>
  <testcase name="ValidateYear" classname="Com.ibm.Gold.Script.TestScript" time="0">
    <skipped message="unknown error: Chrome failed to start: exited normally.&#10;  (chrome not reachable)&#10;  (The process started from chrome location C:\Program Files (x86)\Google\Chrome\Application\chrome.exe is no longer running, so ChromeDriver is assuming that Chrome has crashed.)&#10;Build info: version: &apos;3.141.59&apos;, revision: &apos;e82be7d358&apos;, time: &apos;2018-11-14T08:17:03&apos;&#10;System info: host: &apos;SKS-PC&apos;, ip: &apos;192.168.1.4&apos;, os.name: &apos;Windows 7&apos;, os.arch: &apos;amd64&apos;, os.version: &apos;6.1&apos;, java.version: &apos;1.8.0_261&apos;&#10;Driver info: driver.version: ChromeDriver&#10;remote stacktrace: Backtrace:&#10;	Ordinal0 [0x010DD383+3134339]&#10;	Ordinal0 [0x00FCA171+2007409]&#10;	Ordinal0 [0x00E6AEE8+569064]&#10;	Ordinal0 [0x00DED721+55073]&#10;	Ordinal0 [0x00E10DFC+200188]&#10;	Ordinal0 [0x00E10C1D+199709]&#10;	Ordinal0 [0x00E0EB0B+191243]&#10;	Ordinal0 [0x00DF2E77+77431]&#10;	Ordinal0 [0x00DF3E3E+81470]&#10;	Ordinal0 [0x00DF3DC9+81353]&#10;	Ordinal0 [0x00FE0CD9+2100441]&#10;	GetHandleVerifier [0x0124B75A+1396954]&#10;	GetHandleVerifier [0x0124B3D9+1396057]&#10;	GetHandleVerifier [0x01257126+1444518]&#10;	GetHandleVerifier [0x0124BCE8+1398376]&#10;	Ordinal0 [0x00FD7F51+2064209]&#10;	Ordinal0 [0x00FE22EB+2106091]&#10;	Ordinal0 [0x00FE2411+2106385]&#10;	Ordinal0 [0x00FF49C4+2181572]&#10;	BaseThreadInitThunk [0x7704339A+18]&#10;	RtlInitializeExceptionChain [0x77CF9ED2+99]&#10;	RtlInitializeExceptionChain [0x77CF9EA5+54]&#10;"/>
  </testcase>
  <testcase name="Teardown" classname="Com.ibm.Gold.Script.TestScript" time="0">
    <skipped/>
  </testcase>
</testsuite>