<?xml version="1.0" encoding="UTF-8"?>
<testsuite xmlns:xsi="http://www.w3.org/2001/XMLSchema-instance" xsi:noNamespaceSchemaLocation="https://maven.apache.org/surefire/maven-surefire-plugin/xsd/surefire-test-report-3.0.xsd" version="3.0" name="TestSuite" time="32.502" tests="12" errors="0" skipped="11" failures="1">
  <properties>
[...]
</properties>
  <testcase name="Setup" classname="Com.ibm.Gold.Script.TestScript" time="32.047">
    <failure message="unknown error: Chrome failed to start: exited normally.&#10;  (chrome not reachable)&#10;  (The process started from chrome location C:\Program Files (x86)\Google\Chrome\Application\chrome.exe is no longer running, so ChromeDriver is assuming that Chrome has crashed.)&#10;Build info: version: &apos;3.141.59&apos;, revision: &apos;e82be7d358&apos;, time: &apos;2018-11-14T08:17:03&apos;&#10;System info: host: &apos;SKS-PC&apos;, ip: &apos;192.168.1.4&apos;, os.name: &apos;Windows 7&apos;, os.arch: &apos;amd64&apos;, os.version: &apos;6.1&apos;, java.version: &apos;1.8.0_261&apos;&#10;Driver info: driver.version: ChromeDriver&#10;remote stacktrace: Backtrace:&#10;	Ordinal0 [0x010DD383+3134339]&#10;	Ordinal0 [0x00FCA171+2007409]&#10;	Ordinal0 [0x00E6AEE8+569064]&#10;	Ordinal0 [0x00DED721+55073]&#10;	Ordinal0 [0x00E10DFC+200188]&#10;	Ordinal0 [0x00E10C1D+199709]&#10;	Ordinal0 [0x00E0EB0B+191243]&#10;	Ordinal0 [0x00DF2E77+77431]&#10;	Ordinal0 [0x00DF3E3E+81470]&#10;	Ordinal0 [0x00DF3DC9+81353]&#10;	Ordinal0 [0x00FE0CD9+2100441]&#10;	GetHandleVerifier [0x0124B75A+1396954]&#10;	GetHandleVerifier [0x0124B3D9+1396057]&#10;	GetHandleVerifier [0x01257126+1444518]&#10;	GetHandleVerifier [0x0124BCE8+1398376]&#10;	Ordinal0 [0x00FD7F51+2064209]&#10;	Ordinal0 [0x00FE22EB+2106091]&#10;	Ordinal0 [0x00FE2411+2106385]&#10;	Ordinal0 [0x00FF49C4+2181572]&#10;	BaseThreadInitThunk [0x7704339A+18]&#10;	RtlInitializeExceptionChain [0x77CF9ED2+99]&#10;	RtlInitializeExceptionChain [0x77CF9EA5+54]&#10;" type="org.openqa.selenium.WebDriverException"><![CDATA[org.openqa.selenium.WebDriverException: 
unknown error: Chrome failed to start: exited normally.
  (chrome not reachable)
  (The process started from chrome location C:\Program Files (x86)\Google\Chrome\Application\chrome.exe is no longer running, so ChromeDriver is assuming that Chrome has crashed.)
Build info: version: '3.141.59', revision: 'e82be7d358', time: '2018-11-14T08:17:03'
System info: host: 'SKS-PC', ip: '192.168.1.4', os.name: 'Windows 7', os.arch: 'amd64', os.version: '6.1', java.version: '1.8.0_261'
Driver info: driver.version: ChromeDriver
remote stacktrace: Backtrace:
	Ordinal0 [0x010DD383+3134339]
	Ordinal0 [0x00FCA171+2007409]
	Ordinal0 [0x00E6AEE8+569064]
	Ordinal0 [0x00DED721+55073]
	Ordinal0 [0x00E10DFC+200188]
	Ordinal0 [0x00E10C1D+199709]
	Ordinal0 [0x00E0EB0B+191243]
	Ordinal0 [0x00DF2E77+77431]
	Ordinal0 [0x00DF3E3E+81470]
	Ordinal0 [0x00DF3DC9+81353]
	Ordinal0 [0x00FE0CD9+2100441]
	GetHandleVerifier [0x0124B75A+1396954]
	GetHandleVerifier [0x0124B3D9+1396057]
	GetHandleVerifier [0x01257126+1444518]
	GetHandleVerifier [0x0124BCE8+1398376]
	Ordinal0 [0x00FD7F51+2064209]
	Ordinal0 [0x00FE22EB+2106091]
	Ordinal0 [0x00FE2411+2106385]
	Ordinal0 [0x00FF49C4+2181572]
	BaseThreadInitThunk [0x7704339A+18]
	RtlInitializeExceptionChain [0x77CF9ED2+99]
	RtlInitializeExceptionChain [0x77CF9EA5+54]

	at Com.ibm.Gold.Script.TestScript.Setup(TestScript.java:30)
]]></failure>
    <system-err><![CDATA[Starting ChromeDriver 85.0.4183.87 (cd6713ebf92fa1cacc0f1a598df280093af0c5d7-refs/branch-heads/4183@{#1689}) on port 43232
Only local connections are allowed.
Please see https://chromedriver.chromium.org/security-considerations for suggestions on keeping ChromeDriver safe.
ChromeDriver was started successfully.
]]></system-err>
  </testcase>
  <testcase name="ValidateCreate" classname="Com.ibm.Gold.Script.TestScript" time="0">
    <skipped message="unknown error: Chrome failed to start: exited normally.&#10;  (chrome not reachable)&#10;  (The process started from chrome location C:\Program Files (x86)\Google\Chrome\Application\chrome.exe is no longer running, so ChromeDriver is assuming that Chrome has crashed.)&#10;Build info: version: &apos;3.141.59&apos;, revision: &apos;e82be7d358&apos;, time: &apos;2018-11-14T08:17:03&apos;&#10;System info: host: &apos;SKS-PC&apos;, ip: &apos;192.168.1.4&apos;, os.name: &apos;Windows 7&apos;, os.arch: &apos;amd64&apos;, os.version: &apos;6.1&apos;, java.version: &apos;1.8.0_261&apos;&#10;Driver info: driver.version: ChromeDriver&#10;remote stacktrace: Backtrace:&#10;	Ordinal0 [0x010DD383+3134339]&#10;	Ordinal0 [0x00FCA171+2007409]&#10;	Ordinal0 [0x00E6AEE8+569064]&#10;	Ordinal0 [0x00DED721+55073]&#10;	Ordinal0 [0x00E10DFC+200188]&#10;	Ordinal0 [0x00E10C1D+199709]&#10;	Ordinal0 [0x00E0EB0B+191243]&#10;	Ordinal0 [0x00DF2E77+77431]&#10;	Ordinal0 [0x00DF3E3E+81470]&#10;	Ordinal0 [0x00DF3DC9+81353]&#10;	Ordinal0 [0x00FE0CD9+2100441]&#10;	GetHandleVerifier [0x0124B75A+1396954]&#10;	GetHandleVerifier [0x0124B3D9+1396057]&#10;	GetHandleVerifier [0x01257126+1444518]&#10;	GetHandleVerifier [0x0124BCE8+1398376]&#10;	Ordinal0 [0x00FD7F51+2064209]&#10;	Ordinal0 [0x00FE22EB+2106091]&#10;	Ordinal0 [0x00FE2411+2106385]&#10;	Ordinal0 [0x00FF49C4+2181572]&#10;	BaseThreadInitThunk [0x7704339A+18]&#10;	RtlInitializeExceptionChain [0x77CF9ED2+99]&#10;	RtlInitializeExceptionChain [0x77CF9EA5+54]&#10;"/>
  </testcase>
  <testcase name="ValidateCreatenew" classname="Com.ibm.Gold.Script.TestScript" time="0">
    <skipped message="unknown error: Chrome failed to start: exited normally.&#10;  (chrome not reachable)&#10;  (The process started from chrome location C:\Program Files (x86)\Google\Chrome\Application\chrome.exe is no longer running, so ChromeDriver is assuming that Chrome has crashed.)&#10;Build info: version: &apos;3.141.59&apos;, revision: &apos;e82be7d358&apos;, time: &apos;2018-11-14T08:17:03&apos;&#10;System info: host: &apos;SKS-PC&apos;, ip: &apos;192.168.1.4&apos;, os.name: &apos;Windows 7&apos;, os.arch: &apos;amd64&apos;, os.version: &apos;6.1&apos;, java.version: &apos;1.8.0_261&apos;&#10;Driver info: driver.version: ChromeDriver&#10;remote stacktrace: Backtrace:&#10;	Ordinal0 [0x010DD383+3134339]&#10;	Ordinal0 [0x00FCA171+2007409]&#10;	Ordinal0 [0x00E6AEE8+569064]&#10;	Ordinal0 [0x00DED721+55073]&#10;	Ordinal0 [0x00E10DFC+200188]&#10;	Ordinal0 [0x00E10C1D+199709]&#10;	Ordinal0 [0x00E0EB0B+191243]&#10;	Ordinal0 [0x00DF2E77+77431]&#10;	Ordinal0 [0x00DF3E3E+81470]&#10;	Ordinal0 [0x00DF3DC9+81353]&#10;	Ordinal0 [0x00FE0CD9+2100441]&#10;	GetHandleVerifier [0x0124B75A+1396954]&#10;	GetHandleVerifier [0x0124B3D9+1396057]&#10;	GetHandleVerifier [0x01257126+1444518]&#10;	GetHandleVerifier [0x0124BCE8+1398376]&#10;	Ordinal0 [0x00FD7F51+2064209]&#10;	Ordinal0 [0x00FE22EB+2106091]&#10;	Ordinal0 [0x00FE2411+2106385]&#10;	Ordinal0 [0x00FF49C4+2181572]&#10;	BaseThreadInitThunk [0x7704339A+18]&#10;	RtlInitializeExceptionChain [0x77CF9ED2+99]&#10;	RtlInitializeExceptionChain [0x77CF9EA5+54]&#10;"/>
  </testcase>
  <testcase name="ValidateDay" classname="Com.ibm.Gold.Script.TestScript" time="0">
    <skipped message="unknown error: Chrome failed to start: exited normally.&#10;  (chrome not reachable)&#10;  (The process started from chrome location C:\Program Files (x86)\Google\Chrome\Application\chrome.exe is no longer running, so ChromeDriver is assuming that Chrome has crashed.)&#10;Build info: version: &apos;3.141.59&apos;, revision: &apos;e82be7d358&apos;, time: &apos;2018-11-14T08:17:03&apos;&#10;System info: host: &apos;SKS-PC&apos;, ip: &apos;192.168.1.4&apos;, os.name: &apos;Windows 7&apos;, os.arch: &apos;amd64&apos;, os.version: &apos;6.1&apos;, java.version: &apos;1.8.0_261&apos;&#10;Driver info: driver.version: ChromeDriver&#10;remote stacktrace: Backtrace:&#10;	Ordinal0 [0x010DD383+3134339]&#10;	Ordinal0 [0x00FCA171+2007409]&#10;	Ordinal0 [0x00E6AEE8+569064]&#10;	Ordinal0 [0x00DED721+55073]&#10;	Ordinal0 [0x00E10DFC+200188]&#10;	Ordinal0 [0x00E10C1D+199709]&#10;	Ordinal0 [0x00E0EB0B+191243]&#10;	Ordinal0 [0x00DF2E77+77431]&#10;	Ordinal0 [0x00DF3E3E+81470]&#10;	Ordinal0 [0x00DF3DC9+81353]&#10;	Ordinal0 [0x00FE0CD9+2100441]&#10;	GetHandleVerifier [0x0124B75A+1396954]&#10;	GetHandleVerifier [0x0124B3D9+1396057]&#10;	GetHandleVerifier [0x01257126+1444518]&#10;	GetHandleVerifier [0x0124BCE8+1398376]&#10;	Ordinal0 [0x00FD7F51+2064209]&#10;	Ordinal0 [0x00FE22EB+2106091]&#10;	Ordinal0 [0x00FE2411+2106385]&#10;	Ordinal0 [0x00FF49C4+2181572]&#10;	BaseThreadInitThunk [0x7704339A+18]&#10;	RtlInitializeExceptionChain [0x77CF9ED2+99]&#10;	RtlInitializeExceptionChain [0x77CF9EA5+54]&#10;"/>
  </testcase>
  <testcase name="ValidateLastname" classname="Com.ibm.Gold.Script.TestScript" time="0">
    <skipped message="unknown error: Chrome failed to start: exited normally.&#10;  (chrome not reachable)&#10;  (The process started from chrome location C:\Program Files (x86)\Google\Chrome\Application\chrome.exe is no longer running, so ChromeDriver is assuming that Chrome has crashed.)&#10;Build info: version: &apos;3.141.59&apos;, revision: &apos;e82be7d358&apos;, time: &apos;2018-11-14T08:17:03&apos;&#10;System info: host: &apos;SKS-PC&apos;, ip: &apos;192.168.1.4&apos;, os.name: &apos;Windows 7&apos;, os.arch: &apos;amd64&apos;, os.version: &apos;6.1&apos;, java.version: &apos;1.8.0_261&apos;&#10;Driver info: driver.version: ChromeDriver&#10;remote stacktrace: Backtrace:&#10;	Ordinal0 [0x010DD383+3134339]&#10;	Ordinal0 [0x00FCA171+2007409]&#10;	Ordinal0 [0x00E6AEE8+569064]&#10;	Ordinal0 [0x00DED721+55073]&#10;	Ordinal0 [0x00E10DFC+200188]&#10;	Ordinal0 [0x00E10C1D+199709]&#10;	Ordinal0 [0x00E0EB0B+191243]&#10;	Ordinal0 [0x00DF2E77+77431]&#10;	Ordinal0 [0x00DF3E3E+81470]&#10;	Ordinal0 [0x00DF3DC9+81353]&#10;	Ordinal0 [0x00FE0CD9+2100441]&#10;	GetHandleVerifier [0x0124B75A+1396954]&#10;	GetHandleVerifier [0x0124B3D9+1396057]&#10;	GetHandleVerifier [0x01257126+1444518]&#10;	GetHandleVerifier [0x0124BCE8+1398376]&#10;	Ordinal0 [0x00FD7F51+2064209]&#10;	Ordinal0 [0x00FE22EB+2106091]&#10;	Ordinal0 [0x00FE2411+2106385]&#10;	Ordinal0 [0x00FF49C4+2181572]&#10;	BaseThreadInitThunk [0x7704339A+18]&#10;	RtlInitializeExceptionChain [0x77CF9ED2+99]&#10;	RtlInitializeExceptionChain [0x77CF9EA5+54]&#10;"/>
  </testcase>
  <testcase name="ValidateMonth" classname="Com.ibm.Gold.Script.TestScript" time="0">
    <skipped message="unknown error: Chrome failed to start: exited normally.&#10;  (chrome not reachable)&#10;  (The process started from chrome location C:\Program Files (x86)\Google\Chrome\Application\chrome.exe is no longer running, so ChromeDriver is assuming that Chrome has crashed.)&#10;Build info: version: &apos;3.141.59&apos;, revision: &apos;e82be7d358&apos;, time: &apos;2018-11-14T08:17:03&apos;&#10;System info: host: &apos;SKS-PC&apos;, ip: &apos;192.168.1.4&apos;, os.name: &apos;Windows 7&apos;, os.arch: &apos;amd64&apos;, os.version: &apos;6.1&apos;, java.version: &apos;1.8.0_261&apos;&#10;Driver info: driver.version: ChromeDriver&#10;remote stacktrace: Backtrace:&#10;	Ordinal0 [0x010DD383+3134339]&#10;	Ordinal0 [0x00FCA171+2007409]&#10;	Ordinal0 [0x00E6AEE8+569064]&#10;	Ordinal0 [0x00DED721+55073]&#10;	Ordinal0 [0x00E10DFC+200188]&#10;	Ordinal0 [0x00E10C1D+199709]&#10;	Ordinal0 [0x00E0EB0B+191243]&#10;	Ordinal0 [0x00DF2E77+77431]&#10;	Ordinal0 [0x00DF3E3E+81470]&#10;	Ordinal0 [0x00DF3DC9+81353]&#10;	Ordinal0 [0x00FE0CD9+2100441]&#10;	GetHandleVerifier [0x0124B75A+1396954]&#10;	GetHandleVerifier [0x0124B3D9+1396057]&#10;	GetHandleVerifier [0x01257126+1444518]&#10;	GetHandleVerifier [0x0124BCE8+1398376]&#10;	Ordinal0 [0x00FD7F51+2064209]&#10;	Ordinal0 [0x00FE22EB+2106091]&#10;	Ordinal0 [0x00FE2411+2106385]&#10;	Ordinal0 [0x00FF49C4+2181572]&#10;	BaseThreadInitThunk [0x7704339A+18]&#10;	RtlInitializeExceptionChain [0x77CF9ED2+99]&#10;	RtlInitializeExceptionChain [0x77CF9EA5+54]&#10;"/>
  </testcase>
  <testcase name="ValidateName" classname="Com.ibm.Gold.Script.TestScript" time="0">
    <skipped message="unknown error: Chrome failed to start: exited normally.&#10;  (chrome not reachable)&#10;  (The process started from chrome location C:\Program Files (x86)\Google\Chrome\Application\chrome.exe is no longer running, so ChromeDriver is assuming that Chrome has crashed.)&#10;Build info: version: &apos;3.141.59&apos;, revision: &apos;e82be7d358&apos;, time: &apos;2018-11-14T08:17:03&apos;&#10;System info: host: &apos;SKS-PC&apos;, ip: &apos;192.168.1.4&apos;, os.name: &apos;Windows 7&apos;, os.arch: &apos;amd64&apos;, os.version: &apos;6.1&apos;, java.version: &apos;1.8.0_261&apos;&#10;Driver info: driver.version: ChromeDriver&#10;remote stacktrace: Backtrace:&#10;	Ordinal0 [0x010DD383+3134339]&#10;	Ordinal0 [0x00FCA171+2007409]&#10;	Ordinal0 [0x00E6AEE8+569064]&#10;	Ordinal0 [0x00DED721+55073]&#10;	Ordinal0 [0x00E10DFC+200188]&#10;	Ordinal0 [0x00E10C1D+199709]&#10;	Ordinal0 [0x00E0EB0B+191243]&#10;	Ordinal0 [0x00DF2E77+77431]&#10;	Ordinal0 [0x00DF3E3E+81470]&#10;	Ordinal0 [0x00DF3DC9+81353]&#10;	Ordinal0 [0x00FE0CD9+2100441]&#10;	GetHandleVerifier [0x0124B75A+1396954]&#10;	GetHandleVerifier [0x0124B3D9+1396057]&#10;	GetHandleVerifier [0x01257126+1444518]&#10;	GetHandleVerifier [0x0124BCE8+1398376]&#10;	Ordinal0 [0x00FD7F51+2064209]&#10;	Ordinal0 [0x00FE22EB+2106091]&#10;	Ordinal0 [0x00FE2411+2106385]&#10;	Ordinal0 [0x00FF49C4+2181572]&#10;	BaseThreadInitThunk [0x7704339A+18]&#10;	RtlInitializeExceptionChain [0x77CF9ED2+99]&#10;	RtlInitializeExceptionChain [0x77CF9EA5+54]&#10;"/>
  </testcase>
  <testcase name="ValidateRadio" classname="Com.ibm.Gold.Script.TestScript" time="0">
    <skipped message="unknown error: Chrome failed to start: exited normally.&#10;  (chrome not reachable)&#10;  (The process started from chrome location C:\Program Files (x86)\Google\Chrome\Application\chrome.exe is no longer running, so ChromeDriver is assuming that Chrome has crashed.)&#10;Build info: version: &apos;3.141.59&apos;, revision: &apos;e82be7d358&apos;, time: &apos;2018-11-14T08:17:03&apos;&#10;System info: host: &apos;SKS-PC&apos;, ip: &apos;192.168.1.4&apos;, os.name: &apos;Windows 7&apos;, os.arch: &apos;amd64&apos;, os.version: &apos;6.1&apos;, java.version: &apos;1.8.0_261&apos;&#10;Driver info: driver.version: ChromeDriver&#10;remote stacktrace: Backtrace:&#10;	Ordinal0 [0x010DD383+3134339]&#10;	Ordinal0 [0x00FCA171+2007409]&#10;	Ordinal0 [0x00E6AEE8+569064]&#10;	Ordinal0 [0x00DED721+55073]&#10;	Ordinal0 [0x00E10DFC+200188]&#10;	Ordinal0 [0x00E10C1D+199709]&#10;	Ordinal0 [0x00E0EB0B+191243]&#10;	Ordinal0 [0x00DF2E77+77431]&#10;	Ordinal0 [0x00DF3E3E+81470]&#10;	Ordinal0 [0x00DF3DC9+81353]&#10;	Ordinal0 [0x00FE0CD9+2100441]&#10;	GetHandleVerifier [0x0124B75A+1396954]&#10;	GetHandleVerifier [0x0124B3D9+1396057]&#10;	GetHandleVerifier [0x01257126+1444518]&#10;	GetHandleVerifier [0x0124BCE8+1398376]&#10;	Ordinal0 [0x00FD7F51+2064209]&#10;	Ordinal0 [0x00FE22EB+2106091]&#10;	Ordinal0 [0x00FE2411+2106385]&#10;	Ordinal0 [0x00FF49C4+2181572]&#10;	BaseThreadInitThunk [0x7704339A+18]&#10;	RtlInitializeExceptionChain [0x77CF9ED2+99]&#10;	RtlInitializeExceptionChain [0x77CF9EA5+54]&#10;"/>
  </testcase>
  <testcase name="ValidateTitle" classname="Com.ibm.Gold.Script.TestScript" time="0">
    <skipped message="unknown error: Chrome failed to start: exited normally.&#10;  (chrome not reachable)&#10;  (The process started from chrome location C:\Program Files (x86)\Google\Chrome\Application\chrome.exe is no longer running, so ChromeDriver is assuming that Chrome has crashed.)&#10;Build info: version: &apos;3.141.59&apos;, revision: &apos;e82be7d358&apos;, time: &apos;2018-11-14T08:17:03&apos;&#10;System info: host: &apos;SKS-PC&apos;, ip: &apos;192.168.1.4&apos;, os.name: &apos;Windows 7&apos;, os.arch: &apos;amd64&apos;, os.version: &apos;6.1&apos;, java.version: &apos;1.8.0_261&apos;&#10;Driver info: driver.version: ChromeDriver&#10;remote stacktrace: Backtrace:&#10;	Ordinal0 [0x010DD383+3134339]&#10;	Ordinal0 [0x00FCA171+2007409]&#10;	Ordinal0 [0x00E6AEE8+569064]&#10;	Ordinal0 [0x00DED721+55073]&#10;	Ordinal0 [0x00E10DFC+200188]&#10;	Ordinal0 [0x00E10C1D+199709]&#10;	Ordinal0 [0x00E0EB0B+191243]&#10;	Ordinal0 [0x00DF2E77+77431]&#10;	Ordinal0 [0x00DF3E3E+81470]&#10;	Ordinal0 [0x00DF3DC9+81353]&#10;	Ordinal0 [0x00FE0CD9+2100441]&#10;	GetHandleVerifier [0x0124B75A+1396954]&#10;	GetHandleVerifier [0x0124B3D9+1396057]&#10;	GetHandleVerifier [0x01257126+1444518]&#10;	GetHandleVerifier [0x0124BCE8+1398376]&#10;	Ordinal0 [0x00FD7F51+2064209]&#10;	Ordinal0 [0x00FE22EB+2106091]&#10;	Ordinal0 [0x00FE2411+2106385]&#10;	Ordinal0 [0x00FF49C4+2181572]&#10;	BaseThreadInitThunk [0x7704339A+18]&#10;	RtlInitializeExceptionChain [0x77CF9ED2+99]&#10;	RtlInitializeExceptionChain [0x77CF9EA5+54]&#10;"/>
  </testcase>
  <testcase name="ValidateUrl" classname="Com.ibm.Gold.Script.TestScript" time="0">
    <skipped message="unknown error: Chrome failed to start: exited normally.&#10;  (chrome not reachable)&#10;  (The process started from chrome location C:\Program Files (x86)\Google\Chrome\Application\chrome.exe is no longer running, so ChromeDriver is assuming that Chrome has crashed.)&#10;Build info: version: &apos;3.141.59&apos;, revision: &apos;e82be7d358&apos;, time: &apos;2018-11-14T08:17:03&apos;&#10;System info: host: &apos;SKS-PC&apos;, ip: &apos;192.168.1.4&apos;, os.name: &apos;Windows 7&apos;, os.arch: &apos;amd64&apos;, os.version: &apos;6.1&apos;, java.version: &apos;1.8.0_261&apos;&#10;Driver info: driver.version: ChromeDriver&#10;remote stacktrace: Backtrace:&#10;	Ordinal0 [0x010DD383+3134339]&#10;	Ordinal0 [0x00FCA171+2007409]&#10;	Ordinal0 [0x00E6AEE8+569064]&#10;	Ordinal0 [0x00DED721+55073]&#10;	Ordinal0 [0x00E10DFC+200188]&#10;	Ordinal0 [0x00E10C1D+199709]&#10;	Ordinal0 [0x00E0EB0B+191243]&#10;	Ordinal0 [0x00DF2E77+77431]&#10;	Ordinal0 [0x00DF3E3E+81470]&#10;	Ordinal0 [0x00DF3DC9+81353]&#10;	Ordinal0 [0x00FE0CD9+2100441]&#10;	GetHandleVerifier [0x0124B75A+1396954]&#10;	GetHandleVerifier [0x0124B3D9+1396057]&#10;	GetHandleVerifier [0x01257126+1444518]&#10;	GetHandleVerifier [0x0124BCE8+1398376]&#10;	Ordinal0 [0x00FD7F51+2064209]&#10;	Ordinal0 [0x00FE22EB+2106091]&#10;	Ordinal0 [0x00FE2411+2106385]&#10;	Ordinal0 [0x00FF49C4+2181572]&#10;	BaseThreadInitThunk [0x7704339A+18]&#10;	RtlInitializeExceptionChain [0x77CF9ED2+99]&#10;	RtlInitializeExceptionChain [0x77CF9EA5+54]&#10;"/>
  </testcase>
  <testcase name="ValidateYear" classname="Com.ibm.Gold.Script.TestScript" time="0">
    <skipped message="unknown error: Chrome failed to start: exited normally.&#10;  (chrome not reachable)&#10;  (The process started from chrome location C:\Program Files (x86)\Google\Chrome\Application\chrome.exe is no longer running, so ChromeDriver is assuming that Chrome has crashed.)&#10;Build info: version: &apos;3.141.59&apos;, revision: &apos;e82be7d358&apos;, time: &apos;2018-11-14T08:17:03&apos;&#10;System info: host: &apos;SKS-PC&apos;, ip: &apos;192.168.1.4&apos;, os.name: &apos;Windows 7&apos;, os.arch: &apos;amd64&apos;, os.version: &apos;6.1&apos;, java.version: &apos;1.8.0_261&apos;&#10;Driver info: driver.version: ChromeDriver&#10;remote stacktrace: Backtrace:&#10;	Ordinal0 [0x010DD383+3134339]&#10;	Ordinal0 [0x00FCA171+2007409]&#10;	Ordinal0 [0x00E6AEE8+569064]&#10;	Ordinal0 [0x00DED721+55073]&#10;	Ordinal0 [0x00E10DFC+200188]&#10;	Ordinal0 [0x00E10C1D+199709]&#10;	Ordinal0 [0x00E0EB0B+191243]&#10;	Ordinal0 [0x00DF2E77+77431]&#10;	Ordinal0 [0x00DF3E3E+81470]&#10;	Ordinal0 [0x00DF3DC9+81353]&#10;	Ordinal0 [0x00FE0CD9+2100441]&#10;	GetHandleVerifier [0x0124B75A+1396954]&#10;	GetHandleVerifier [0x0124B3D9+1396057]&#10;	GetHandleVerifier [0x01257126+1444518]&#10;	GetHandleVerifier [0x0124BCE8+1398376]&#10;	Ordinal0 [0x00FD7F51+2064209]&#10;	Ordinal0 [0x00FE22EB+2106091]&#10;	Ordinal0 [0x00FE2411+2106385]&#10;	Ordinal0 [0x00FF49C4+2181572]&#10;	BaseThreadInitThunk [0x7704339A+18]&#10;	RtlInitializeExceptionChain [0x77CF9ED2+99]&#10;	RtlInitializeExceptionChain [0x77CF9EA5+54]&#10;"/>
  </testcase>
  <testcase name="Teardown" classname="Com.ibm.Gold.Script.TestScript" time="0">
    <skipped/>
  </testcase>
</testsuite>