<?xml version="1.0" encoding="UTF-8"?>
<testng-results skipped="0" failed="0" ignored="0" total="10" passed="10">
  <reporter-output>
  </reporter-output>
  <suite name="Suite" duration-ms="29655" started-at="2020-11-02T12:01:55 IST" finished-at="2020-11-02T12:02:25 IST">
    <groups>
    </groups>
    <test name="Test" duration-ms="29655" started-at="2020-11-02T12:01:55 IST" finished-at="2020-11-02T12:02:25 IST">
      <class name="Com.ibm.Gold.Script.TestScript">
        <test-method status="PASS" signature="Setup()[pri:0, instance:Com.ibm.Gold.Script.TestScript@1786dec2]" name="Setup" is-config="true" duration-ms="21121" started-at="2020-11-02T12:01:55 IST" finished-at="2020-11-02T12:02:16 IST">
          <reporter-output>
          </reporter-output>
        </test-method> <!-- Setup -->
        <test-method status="PASS" signature="ValidateCreate()[pri:0, instance:Com.ibm.Gold.Script.TestScript@1786dec2]" name="ValidateCreate" duration-ms="105" started-at="2020-11-02T12:02:16 IST" finished-at="2020-11-02T12:02:16 IST">
          <reporter-output>
          </reporter-output>
        </test-method> <!-- ValidateCreate -->
        <test-method status="PASS" signature="ValidateCreatenew()[pri:0, instance:Com.ibm.Gold.Script.TestScript@1786dec2]" name="ValidateCreatenew" duration-ms="48" started-at="2020-11-02T12:02:16 IST" finished-at="2020-11-02T12:02:16 IST">
          <reporter-output>
          </reporter-output>
        </test-method> <!-- ValidateCreatenew -->
        <test-method status="PASS" signature="ValidateDay()[pri:0, instance:Com.ibm.Gold.Script.TestScript@1786dec2]" name="ValidateDay" duration-ms="2641" started-at="2020-11-02T12:02:16 IST" finished-at="2020-11-02T12:02:19 IST">
          <reporter-output>
          </reporter-output>
        </test-method> <!-- ValidateDay -->
        <test-method status="PASS" signature="ValidateLastname()[pri:0, instance:Com.ibm.Gold.Script.TestScript@1786dec2]" name="ValidateLastname" duration-ms="155" started-at="2020-11-02T12:02:19 IST" finished-at="2020-11-02T12:02:19 IST">
          <reporter-output>
          </reporter-output>
        </test-method> <!-- ValidateLastname -->
        <test-method status="PASS" signature="ValidateMonth()[pri:0, instance:Com.ibm.Gold.Script.TestScript@1786dec2]" name="ValidateMonth" duration-ms="162" started-at="2020-11-02T12:02:19 IST" finished-at="2020-11-02T12:02:19 IST">
          <reporter-output>
          </reporter-output>
        </test-method> <!-- ValidateMonth -->
        <test-method status="PASS" signature="ValidateName()[pri:0, instance:Com.ibm.Gold.Script.TestScript@1786dec2]" name="ValidateName" duration-ms="137" started-at="2020-11-02T12:02:19 IST" finished-at="2020-11-02T12:02:20 IST">
          <reporter-output>
          </reporter-output>
        </test-method> <!-- ValidateName -->
        <test-method status="PASS" signature="ValidateRadio()[pri:0, instance:Com.ibm.Gold.Script.TestScript@1786dec2]" name="ValidateRadio" duration-ms="2678" started-at="2020-11-02T12:02:20 IST" finished-at="2020-11-02T12:02:22 IST">
          <reporter-output>
          </reporter-output>
        </test-method> <!-- ValidateRadio -->
        <test-method status="PASS" signature="ValidateTitle()[pri:0, instance:Com.ibm.Gold.Script.TestScript@1786dec2]" name="ValidateTitle" duration-ms="36" started-at="2020-11-02T12:02:22 IST" finished-at="2020-11-02T12:02:22 IST">
          <reporter-output>
          </reporter-output>
        </test-method> <!-- ValidateTitle -->
        <test-method status="PASS" signature="ValidateUrl()[pri:0, instance:Com.ibm.Gold.Script.TestScript@1786dec2]" name="ValidateUrl" duration-ms="12" started-at="2020-11-02T12:02:22 IST" finished-at="2020-11-02T12:02:22 IST">
          <reporter-output>
          </reporter-output>
        </test-method> <!-- ValidateUrl -->
        <test-method status="PASS" signature="ValidateYear()[pri:0, instance:Com.ibm.Gold.Script.TestScript@1786dec2]" name="ValidateYear" duration-ms="186" started-at="2020-11-02T12:02:22 IST" finished-at="2020-11-02T12:02:22 IST">
          <reporter-output>
          </reporter-output>
        </test-method> <!-- ValidateYear -->
        <test-method status="PASS" signature="Teardown()[pri:0, instance:Com.ibm.Gold.Script.TestScript@1786dec2]" name="Teardown" is-config="true" duration-ms="2136" started-at="2020-11-02T12:02:22 IST" finished-at="2020-11-02T12:02:25 IST">
          <reporter-output>
          </reporter-output>
        </test-method> <!-- Teardown -->
      </class> <!-- Com.ibm.Gold.Script.TestScript -->
    </test> <!-- Test -->
  </suite> <!-- Suite -->
</testng-results>
