<?xml version="1.0" encoding="UTF-8"?>
<!-- Generated by org.testng.reporters.JUnitReportReporter -->
<testsuite skipped="0" hostname="sks-PC" name="Com.ibm.Gold.Script.TestScript" tests="10" failures="0" timestamp="2020-11-02T12:02:25 IST" time="6.160" errors="0">
  <testcase name="ValidateDay" time="2.641" classname="Com.ibm.Gold.Script.TestScript"/>
  <system-out/>
  <testcase name="ValidateLastname" time="0.155" classname="Com.ibm.Gold.Script.TestScript"/>
  <system-out/>
  <testcase name="ValidateTitle" time="0.036" classname="Com.ibm.Gold.Script.TestScript"/>
  <system-out/>
  <testcase name="ValidateMonth" time="0.162" classname="Com.ibm.Gold.Script.TestScript"/>
  <system-out/>
  <testcase name="ValidateName" time="0.137" classname="Com.ibm.Gold.Script.TestScript"/>
  <system-out/>
  <testcase name="ValidateCreate" time="0.105" classname="Com.ibm.Gold.Script.TestScript"/>
  <system-out/>
  <testcase name="ValidateCreatenew" time="0.048" classname="Com.ibm.Gold.Script.TestScript"/>
  <system-out/>
  <testcase name="ValidateYear" time="0.186" classname="Com.ibm.Gold.Script.TestScript"/>
  <system-out/>
  <testcase name="ValidateRadio" time="2.678" classname="Com.ibm.Gold.Script.TestScript"/>
  <system-out/>
  <testcase name="ValidateUrl" time="0.012" classname="Com.ibm.Gold.Script.TestScript"/>
  <system-out/>
</testsuite> <!-- Com.ibm.Gold.Script.TestScript -->
