<?xml version="1.0" encoding="UTF-8"?>
<!-- Generated by org.testng.reporters.JUnitReportReporter -->
<testsuite skipped="10" hostname="sks-PC" name="Com.ibm.Gold.Script.TestScript" tests="11" failures="0" timestamp="2020-11-02T13:50:11 IST" time="30.630" errors="1">
  <testcase name="ValidateCreate" time="0.000" classname="Com.ibm.Gold.Script.TestScript">
    <skipped/>
  </testcase> <!-- ValidateCreate -->
  <system-out/>
  <testcase name="ValidateDay" time="0.000" classname="Com.ibm.Gold.Script.TestScript">
    <skipped/>
  </testcase> <!-- ValidateDay -->
  <system-out/>
  <testcase name="ValidateYear" time="0.000" classname="Com.ibm.Gold.Script.TestScript">
    <skipped/>
  </testcase> <!-- ValidateYear -->
  <system-out/>
  <testcase name="ValidateTitle" time="0.000" classname="Com.ibm.Gold.Script.TestScript">
    <skipped/>
  </testcase> <!-- ValidateTitle -->
  <system-out/>
  <testcase name="ValidateUrl" time="0.000" classname="Com.ibm.Gold.Script.TestScript">
    <skipped/>
  </testcase> <!-- ValidateUrl -->
  <system-out/>
  <testcase name="ValidateMonth" time="0.000" classname="Com.ibm.Gold.Script.TestScript">
    <skipped/>
  </testcase> <!-- ValidateMonth -->
  <system-out/>
  <testcase name="ValidateLastname" time="0.000" classname="Com.ibm.Gold.Script.TestScript">
    <skipped/>
  </testcase> <!-- ValidateLastname -->
  <system-out/>
  <testcase name="ValidateName" time="0.000" classname="Com.ibm.Gold.Script.TestScript">
    <skipped/>
  </testcase> <!-- ValidateName -->
  <system-out/>
  <testcase name="ValidateCreatenew" time="0.000" classname="Com.ibm.Gold.Script.TestScript">
    <skipped/>
  </testcase> <!-- ValidateCreatenew -->
  <system-out/>
  <testcase name="Setup" time="30.630" classname="Com.ibm.Gold.Script.TestScript">
    <error type="org.openqa.selenium.WebDriverException" message="unknown error: Chrome failed to start: exited normally.
  (chrome not reachable)
  (The process started from chrome location C:\Program Files (x86)\Google\Chrome\Application\chrome.exe is no longer running, so ChromeDriver is assuming that Chrome has crashed.)
Build info: version: &#039;3.141.59&#039;, revision: &#039;e82be7d358&#039;, time: &#039;2018-11-14T08:17:03&#039;
System info: host: &#039;SKS-PC&#039;, ip: &#039;192.168.1.4&#039;, os.name: &#039;Windows 7&#039;, os.arch: &#039;amd64&#039;, os.version: &#039;6.1&#039;, java.version: &#039;1.8.0_261&#039;
Driver info: driver.version: ChromeDriver
remote stacktrace: Backtrace:
	Ordinal0 [0x010DD383+3134339]
	Ordinal0 [0x00FCA171+2007409]
	Ordinal0 [0x00E6AEE8+569064]
	Ordinal0 [0x00DED721+55073]
	Ordinal0 [0x00E10DFC+200188]
	Ordinal0 [0x00E10C1D+199709]
	Ordinal0 [0x00E0EB0B+191243]
	Ordinal0 [0x00DF2E77+77431]
	Ordinal0 [0x00DF3E3E+81470]
	Ordinal0 [0x00DF3DC9+81353]
	Ordinal0 [0x00FE0CD9+2100441]
	GetHandleVerifier [0x0124B75A+1396954]
	GetHandleVerifier [0x0124B3D9+1396057]
	GetHandleVerifier [0x01257126+1444518]
	GetHandleVerifier [0x0124BCE8+1398376]
	Ordinal0 [0x00FD7F51+2064209]
	Ordinal0 [0x00FE22EB+2106091]
	Ordinal0 [0x00FE2411+2106385]
	Ordinal0 [0x00FF49C4+2181572]
	BaseThreadInitThunk [0x7704339A+18]
	RtlInitializeExceptionChain [0x77CF9ED2+99]
	RtlInitializeExceptionChain [0x77CF9EA5+54]
">
      <![CDATA[org.openqa.selenium.WebDriverException: unknown error: Chrome failed to start: exited normally.
  (chrome not reachable)
  (The process started from chrome location C:\Program Files (x86)\Google\Chrome\Application\chrome.exe is no longer running, so ChromeDriver is assuming that Chrome has crashed.)
Build info: version: '3.141.59', revision: 'e82be7d358', time: '2018-11-14T08:17:03'
System info: host: 'SKS-PC', ip: '192.168.1.4', os.name: 'Windows 7', os.arch: 'amd64', os.version: '6.1', java.version: '1.8.0_261'
Driver info: driver.version: ChromeDriver
remote stacktrace: Backtrace:
Ordinal0 [0x010DD383+3134339]
Ordinal0 [0x00FCA171+2007409]
Ordinal0 [0x00E6AEE8+569064]
Ordinal0 [0x00DED721+55073]
Ordinal0 [0x00E10DFC+200188]
Ordinal0 [0x00E10C1D+199709]
Ordinal0 [0x00E0EB0B+191243]
Ordinal0 [0x00DF2E77+77431]
Ordinal0 [0x00DF3E3E+81470]
Ordinal0 [0x00DF3DC9+81353]
Ordinal0 [0x00FE0CD9+2100441]
GetHandleVerifier [0x0124B75A+1396954]
GetHandleVerifier [0x0124B3D9+1396057]
GetHandleVerifier [0x01257126+1444518]
GetHandleVerifier [0x0124BCE8+1398376]
Ordinal0 [0x00FD7F51+2064209]
Ordinal0 [0x00FE22EB+2106091]
Ordinal0 [0x00FE2411+2106385]
Ordinal0 [0x00FF49C4+2181572]
BaseThreadInitThunk [0x7704339A+18]
RtlInitializeExceptionChain [0x77CF9ED2+99]
RtlInitializeExceptionChain [0x77CF9EA5+54]

at sun.reflect.NativeConstructorAccessorImpl.newInstance0(Native Method)
at sun.reflect.NativeConstructorAccessorImpl.newInstance(NativeConstructorAccessorImpl.java:62)
at sun.reflect.DelegatingConstructorAccessorImpl.newInstance(DelegatingConstructorAccessorImpl.java:45)
at java.lang.reflect.Constructor.newInstance(Constructor.java:423)
at org.openqa.selenium.remote.W3CHandshakeResponse.lambda$errorHandler$0(W3CHandshakeResponse.java:62)
at org.openqa.selenium.remote.HandshakeResponse.lambda$getResponseFunction$0(HandshakeResponse.java:30)
at org.openqa.selenium.remote.ProtocolHandshake.lambda$createSession$0(ProtocolHandshake.java:126)
at java.util.stream.ReferencePipeline$3$1.accept(ReferencePipeline.java:193)
at java.util.Spliterators$ArraySpliterator.tryAdvance(Spliterators.java:958)
at java.util.stream.ReferencePipeline.forEachWithCancel(ReferencePipeline.java:126)
at java.util.stream.AbstractPipeline.copyIntoWithCancel(AbstractPipeline.java:499)
at java.util.stream.AbstractPipeline.copyInto(AbstractPipeline.java:486)
at java.util.stream.AbstractPipeline.wrapAndCopyInto(AbstractPipeline.java:472)
at java.util.stream.FindOps$FindOp.evaluateSequential(FindOps.java:152)
at java.util.stream.AbstractPipeline.evaluate(AbstractPipeline.java:234)
at java.util.stream.ReferencePipeline.findFirst(ReferencePipeline.java:464)
at org.openqa.selenium.remote.ProtocolHandshake.createSession(ProtocolHandshake.java:128)
at org.openqa.selenium.remote.ProtocolHandshake.createSession(ProtocolHandshake.java:74)
at org.openqa.selenium.remote.HttpCommandExecutor.execute(HttpCommandExecutor.java:136)
at org.openqa.selenium.remote.service.DriverCommandExecutor.execute(DriverCommandExecutor.java:83)
at org.openqa.selenium.remote.RemoteWebDriver.execute(RemoteWebDriver.java:552)
at org.openqa.selenium.remote.RemoteWebDriver.startSession(RemoteWebDriver.java:213)
at org.openqa.selenium.remote.RemoteWebDriver.<init>(RemoteWebDriver.java:131)
at org.openqa.selenium.chrome.ChromeDriver.<init>(ChromeDriver.java:181)
at org.openqa.selenium.chrome.ChromeDriver.<init>(ChromeDriver.java:168)
at org.openqa.selenium.chrome.ChromeDriver.<init>(ChromeDriver.java:123)
at Com.ibm.Gold.Base.Testbase.Open(Testbase.java:45)
at Com.ibm.Gold.Script.TestScript.Setup(TestScript.java:30)
at sun.reflect.NativeMethodAccessorImpl.invoke0(Native Method)
at sun.reflect.NativeMethodAccessorImpl.invoke(NativeMethodAccessorImpl.java:62)
at sun.reflect.DelegatingMethodAccessorImpl.invoke(DelegatingMethodAccessorImpl.java:43)
at java.lang.reflect.Method.invoke(Method.java:498)
at org.testng.internal.MethodInvocationHelper.invokeMethod(MethodInvocationHelper.java:132)
at org.testng.internal.MethodInvocationHelper.invokeMethodConsideringTimeout(MethodInvocationHelper.java:61)
at org.testng.internal.ConfigInvoker.invokeConfigurationMethod(ConfigInvoker.java:366)
at org.testng.internal.ConfigInvoker.invokeConfigurations(ConfigInvoker.java:320)
at org.testng.TestRunner.invokeTestConfigurations(TestRunner.java:617)
at org.testng.TestRunner.beforeRun(TestRunner.java:607)
at org.testng.TestRunner.run(TestRunner.java:578)
at org.testng.SuiteRunner.runTest(SuiteRunner.java:384)
at org.testng.SuiteRunner.runSequentially(SuiteRunner.java:378)
at org.testng.SuiteRunner.privateRun(SuiteRunner.java:337)
at org.testng.SuiteRunner.run(SuiteRunner.java:286)
at org.testng.SuiteRunnerWorker.runSuite(SuiteRunnerWorker.java:53)
at org.testng.SuiteRunnerWorker.run(SuiteRunnerWorker.java:96)
at org.testng.TestNG.runSuitesSequentially(TestNG.java:1218)
at org.testng.TestNG.runSuitesLocally(TestNG.java:1140)
at org.testng.TestNG.runSuites(TestNG.java:1069)
at org.testng.TestNG.run(TestNG.java:1037)
at org.apache.maven.surefire.testng.TestNGExecutor.run(TestNGExecutor.java:284)
at org.apache.maven.surefire.testng.TestNGXmlTestSuite.execute(TestNGXmlTestSuite.java:75)
at org.apache.maven.surefire.testng.TestNGProvider.invoke(TestNGProvider.java:119)
at org.apache.maven.surefire.booter.ForkedBooter.runSuitesInProcess(ForkedBooter.java:428)
at org.apache.maven.surefire.booter.ForkedBooter.execute(ForkedBooter.java:162)
at org.apache.maven.surefire.booter.ForkedBooter.run(ForkedBooter.java:562)
at org.apache.maven.surefire.booter.ForkedBooter.main(ForkedBooter.java:548)
]]>
    </error>
  </testcase> <!-- Setup -->
  <system-out/>
  <testcase name="ValidateRadio" time="0.000" classname="Com.ibm.Gold.Script.TestScript">
    <skipped/>
  </testcase> <!-- ValidateRadio -->
  <system-out/>
</testsuite> <!-- Com.ibm.Gold.Script.TestScript -->
